2024-01-01 00:00:01 [INFO] Application started.
2024-01-01 00:02:20 [INFO] User logged in: user123.
2024-01-01 00:03:37 [WARNING] High memory usage detected.
2024-01-01 00:05:10 [ERROR] Database connection failed.
2024-01-01 00:06:25 [INFO] Scheduled backup started.
2024-01-01 00:08:50 [ERROR] Failed to save user settings.
2024-01-01 00:09:35 [INFO] User logged out: user123.
2024-01-01 00:10:45 [ERROR] Timeout while connecting to service.
2024-01-01 00:12:30 [INFO] User logged in: user456.
2024-01-01 00:13:05 [ERROR] Database connection failed.
2024-01-01 00:15:20 [INFO] Scheduled backup completed.
2024-01-01 00:16:50 [WARNING] Disk space running low.
2024-01-01 00:18:25 [INFO] Application health check passed.
2024-01-01 00:20:40 [ERROR] Database connection failed.
2024-01-01 00:22:00 [ERROR] Failed to save user settings.
2024-01-01 00:24:15 [INFO] User logged out: user456.
2024-01-01 00:25:35 [INFO] Background job started: job_id_789.
2024-01-01 00:27:50 [ERROR] Timeout while connecting to service.
2024-01-01 00:30:00 [INFO] User logged in: user789.
2024-01-01 00:32:25 [ERROR] Database connection failed.
2024-01-01 00:35:15 [WARNING] Unusual traffic detected.
2024-01-01 00:36:45 [INFO] Application shutdown initiated.
2024-01-01 00:38:20 [ERROR] Timeout while connecting to service.
2024-01-01 00:40:05 [INFO] Application shutdown completed.